<?xml version="1.0" encoding="UTF-8"?>
<!-- Generated by org.testng.reporters.JUnitXMLReporter -->
<testsuite ignored="2" hostname="DESKTOP-2THDRJ9" failures="0" tests="1" name="Default test" time="17.855" errors="0" timestamp="2022-09-18T11:20:07 IST">
  <testcase classname="testcases.SimplilearnLogin" name="Test3" time="12.515"/>
  <testcase classname="testcases.SimplilearnLogin" name="Test1" time="0.0">
    <ignored/>
  </testcase> <!-- Test1 -->
  <testcase classname="testcases.SimplilearnLogin" name="Test2" time="0.0">
    <ignored/>
  </testcase> <!-- Test2 -->
</testsuite> <!-- Default test -->
