<?xml version="1.0" encoding="UTF-8"?>
<!-- Generated by org.testng.reporters.JUnitXMLReporter -->
<testsuite ignored="0" hostname="DESKTOP-2THDRJ9" failures="0" tests="3" name="Test" time="27.487" errors="0" timestamp="2022-09-17T15:53:34 IST">
  <testcase classname="testcases.SimplilearnLogin" name="Test1" time="5.214"/>
  <testcase classname="testcases.SimplilearnLogin" name="Test2" time="8.69"/>
  <testcase classname="testcases.HomeTest" name="Test1" time="0.001"/>
</testsuite> <!-- Test -->
