<?xml version="1.0" encoding="UTF-8"?>
<!-- Generated by org.testng.reporters.JUnitXMLReporter -->
<testsuite ignored="2" hostname="DESKTOP-2THDRJ9" failures="0" tests="4" name="Test" time="38.172" errors="0" timestamp="2022-09-23T16:46:17 IST">
  <testcase classname="testcases.BaseClass" name="@BeforeMethod SetUp" time="0.0">
    <failure type="java.lang.NullPointerException" message="Cannot invoke &amp;quot;com.relevantcodes.extentreports.ExtentReports.startTest(String)&amp;quot; because &amp;quot;this.report&amp;quot; is null">
      <![CDATA[java.lang.NullPointerException: Cannot invoke "com.relevantcodes.extentreports.ExtentReports.startTest(String)" because "this.report" is null
at testcases.BaseClass.SetUp(BaseClass.java:53)
at java.base/java.util.ArrayList.forEach(ArrayList.java:1511)
... Removed 31 stack frames]]>
    </failure>
  </testcase> <!-- @BeforeMethod SetUp -->
  <testcase classname="testcases.BaseClass" name="@AfterMethod TearDown" time="0.0">
    <skipped/>
  </testcase> <!-- @AfterMethod TearDown -->
  <testcase classname="testcases.SimplilearnLogin" name="Test1" time="7.264"/>
  <testcase classname="testcases.SimplilearnLogin" name="Test2" time="9.089"/>
  <testcase classname="testcases.SimplilearnLogin" name="Test3" time="8.241"/>
  <testcase classname="testcases.HomeTest" name="Test1" time="0.0">
    <skipped/>
  </testcase> <!-- Test1 -->
  <testcase classname="testcases.BaseClass" name="@AfterTest dataClean" time="0.0">
    <ignored/>
  </testcase> <!-- @AfterTest dataClean -->
  <testcase classname="testcases.BaseClass" name="@BeforeTest dataSetUp" time="0.0">
    <ignored/>
  </testcase> <!-- @BeforeTest dataSetUp -->
</testsuite> <!-- Test -->
