<?xml version="1.0" encoding="UTF-8"?>
<!-- Generated by org.testng.reporters.JUnitXMLReporter -->
<testsuite ignored="0" hostname="DESKTOP-2THDRJ9" failures="0" tests="3" name="Test" time="41.403" errors="0" timestamp="2022-09-23T23:13:52 IST">
  <testcase classname="testcases.SimplilearnLogin" name="Test1" time="7.019"/>
  <testcase classname="testcases.SimplilearnLogin" name="Test2" time="11.558"/>
  <testcase classname="testcases.SimplilearnLogin" name="Test3" time="7.498"/>
</testsuite> <!-- Test -->
