<?xml version="1.0" encoding="UTF-8"?>
<!-- Generated by org.testng.reporters.JUnitXMLReporter -->
<testsuite hostname="DESKTOP-2THDRJ9" ignored="2" name="Test" tests="4" failures="0" timestamp="2022-09-18T11:37:26 IST" time="43.592" errors="0">
  <testcase name="Test1" time="7.633" classname="testcases.SimplilearnLogin"/>
  <testcase name="Test2" time="10.737" classname="testcases.SimplilearnLogin"/>
  <testcase name="Test3" time="5.91" classname="testcases.SimplilearnLogin"/>
  <testcase name="Test1" time="0.0" classname="testcases.HomeTest"/>
  <testcase name="@BeforeTest dataSetUp" time="0.0" classname="testcases.BaseClass">
    <ignored/>
  </testcase> <!-- @BeforeTest dataSetUp -->
  <testcase name="@AfterTest dataClean" time="0.0" classname="testcases.BaseClass">
    <ignored/>
  </testcase> <!-- @AfterTest dataClean -->
</testsuite> <!-- Test -->
