<?xml version="1.0" encoding="UTF-8"?>
<testng-results ignored="2" total="3" passed="1" failed="0" skipped="0">
  <reporter-output>
  </reporter-output>
  <suite started-at="2022-09-18T11:19:50 IST" name="Default suite" finished-at="2022-09-18T11:20:07 IST" duration-ms="17855">
    <groups>
    </groups>
    <test started-at="2022-09-18T11:19:50 IST" name="Default test" finished-at="2022-09-18T11:20:07 IST" duration-ms="17855">
      <class name="testcases.SimplilearnLogin">
        <test-method is-config="true" signature="dataSetUp()[pri:0, instance:testcases.SimplilearnLogin@48f278eb]" started-at="2022-09-18T11:19:50 IST" name="dataSetUp" finished-at="2022-09-18T11:19:50 IST" duration-ms="442" status="PASS">
          <reporter-output>
          </reporter-output>
        </test-method> <!-- dataSetUp -->
        <test-method is-config="true" signature="SetUp()[pri:0, instance:testcases.SimplilearnLogin@48f278eb]" started-at="2022-09-18T11:19:50 IST" name="SetUp" finished-at="2022-09-18T11:19:52 IST" duration-ms="2432" status="PASS">
          <reporter-output>
          </reporter-output>
        </test-method> <!-- SetUp -->
        <test-method signature="Test3()[pri:0, instance:testcases.SimplilearnLogin@48f278eb]" started-at="2022-09-18T11:19:52 IST" name="Test3" finished-at="2022-09-18T11:20:05 IST" duration-ms="12515" status="PASS">
          <reporter-output>
          </reporter-output>
        </test-method> <!-- Test3 -->
        <test-method is-config="true" signature="TearDown()[pri:0, instance:testcases.SimplilearnLogin@48f278eb]" started-at="2022-09-18T11:20:05 IST" name="TearDown" finished-at="2022-09-18T11:20:07 IST" duration-ms="2431" status="PASS">
          <reporter-output>
          </reporter-output>
        </test-method> <!-- TearDown -->
        <test-method is-config="true" signature="dataClean()[pri:0, instance:testcases.SimplilearnLogin@48f278eb]" started-at="2022-09-18T11:20:07 IST" name="dataClean" finished-at="2022-09-18T11:20:07 IST" duration-ms="1" status="PASS">
          <reporter-output>
          </reporter-output>
        </test-method> <!-- dataClean -->
      </class> <!-- testcases.SimplilearnLogin -->
    </test> <!-- Default test -->
  </suite> <!-- Default suite -->
</testng-results>
